# Preference setting overrides
gui_create_pref_key -category {Globals} -key {load_detail_for_funcov} -value_type {bool} -value {false}
gui_create_pref_category -category {schem_obj_name}
gui_create_pref_key -category {schem_obj_name} -key {show_cell_and_pin_with_symbol_name} -value_type {bool} -value {false}
gui_create_pref_key -category {schem_pin_hc} -key {textExtFont} -value_type {string} -value {Helvetica,10,-1,5,50,0,0,0,0,0}
gui_set_pref_value -category {waveCompare} -key {end_unit} -value {1s}
gui_set_pref_value -category {waveCompare} -key {start_unit} -value {1s}

# State setting overrides
gui_state_default_create -off -ini
gui_set_state_value -category Layout -key child_console_size_x -value 1279
gui_set_state_value -category Layout -key child_console_size_y -value 267
gui_set_state_value -category Layout -key child_data_size_x -value 148
gui_set_state_value -category Layout -key child_data_size_y -value 482
gui_set_state_value -category Layout -key child_hier_col3 -value {-1}
gui_set_state_value -category Layout -key child_hier_colpd -value 0
gui_set_state_value -category Layout -key child_hier_size_x -value 133
gui_set_state_value -category Layout -key child_hier_size_y -value 482
gui_set_state_value -category Layout -key child_source_docknewline -value false
gui_set_state_value -category Layout -key child_source_pos_x -value {-2}
gui_set_state_value -category Layout -key child_source_pos_y -value {-15}
gui_set_state_value -category Layout -key child_source_size_x -value 1001
gui_set_state_value -category Layout -key child_source_size_y -value 477
gui_set_state_value -category Layout -key child_wave_colname -value 183
gui_set_state_value -category Layout -key child_wave_colvalue -value 183
gui_set_state_value -category Layout -key child_wave_left -value 370
gui_set_state_value -category Layout -key child_wave_right -value 904
gui_set_state_value -category Layout -key main_pos_x -value 1
gui_set_state_value -category Layout -key main_pos_y -value 38
gui_set_state_value -category Layout -key main_size_x -value 1280
gui_set_state_value -category Layout -key main_size_y -value 894
gui_set_state_value -category Layout -key stand_wave_child_docknewline -value false
gui_set_state_value -category Layout -key stand_wave_child_pos_x -value {-2}
gui_set_state_value -category Layout -key stand_wave_child_pos_y -value {-15}
gui_set_state_value -category Layout -key stand_wave_child_size_x -value 1284
gui_set_state_value -category Layout -key stand_wave_child_size_y -value 744
gui_set_state_value -category Layout -key stand_wave_top_pos_x -value 60
gui_set_state_value -category Layout -key stand_wave_top_pos_y -value 66
gui_set_state_value -category Layout -key stand_wave_top_size_x -value 1339
gui_set_state_value -category Layout -key stand_wave_top_size_y -value 922
gui_create_state_key -category FindDialog -key m_pMatchCase -value_type bool -value false
gui_create_state_key -category FindDialog -key m_pMatchWord -value_type bool -value false
gui_create_state_key -category FindDialog -key m_pUseCombo -value_type string -value {}
gui_create_state_key -category FindDialog -key m_pWrapAround -value_type bool -value true
gui_state_default_create -off

# Begin command logging
gui_sim_run Ucli -exe ./simv -args {-ucligui  } -dir .
gui_open_window Wave
gui_list_add -id Wave.1 -from Hier.1 { tb_sha256_core } -insertionbar
gui_wv_zoom_timerange -id  Wave.1 0 294
gui_sim_continue  
gui_zoom -window Wave.1 -full
gui_list_select -id Wave.1 -selected  { tb_sha256_core.tb_reset_n   }
gui_zoom -window Wave.1 -factor 2
gui_zoom -window Wave.1 -factor 2
gui_wv_scroll_hslidermove -id  Wave.1 0
gui_marker_move -id  Wave.1 C1 10
gui_marker_select -id  Wave.1 { C1 }
gui_marker_move -id  Wave.1 C1 8
gui_list_select -id Wave.1 -selected  { {tb_sha256_core.tb_digest[255:0]}   }
gui_marker_move -id  Wave.1 C1 38
