23:08:19    16 -->                                                             [tcl] ucliGUI::connect -toolargs -ucligui -toolexe ./simv -pid 7511 -toolin /tmp/vcs_20240721160817_7508_dtvlsi..stdin -toolout /tmp/vcs_20240721160817_7508_dtvlsi..stdout  
23:08:19    17 -->                                                                 [tcl] set ucliGUI::state
23:08:20    18 -->                                                                     [tcl] set ucliGUI::state
23:08:20    19 -->                                                                         [tcl] ucliCore::getToolPID
23:08:20    20 -->                                                                             [tcl] synopsys::env hasTB
23:08:20    21 -->                                                                                 [tcl] trigger_hier_stack_context_switch 0
23:08:20    22 -->                                                                                     [tcl] synUtils::setDVEInitPhase 1
23:08:20    23 -->                                                                                         [tcl] gui_get_env SIMSETUP::SIMVPD
23:08:20    24 -->                                                                                             [tcl] synopsys::dump -type VPD -file /home/dtvlsi/Desktop/NDT/sha256-thesis/VCS/TB_SHA256_core/inter.vpd -locking
23:08:20    25 --> ...  [tcl] synopsys::dump -autoflush on -fid VPD0
23:08:20    26 --> ...      [tcl] set ::dve_fid VPD0
23:08:20    27 --> ...          [tcl] synUtils::setDVEInitPhase 0
23:08:20    28 --> ...              [tcl] ucliCore::getToolPID
23:08:20    29 --> ...                  [tcl] synUtils::sendTool -active _icl_setToolSocket /tmp/smlnpv3Pc1G
23:08:20    30 --> ...                      [tcl] synUtils::sendTool -active {_icl_start_rpc -version "O-2018.09-SP2-9_Full64" -sync_file /tmp/vcs_dve_rpc.dtvlsi.7511}
23:08:20    31 --> ...                          [tcl] synUtils::sendTool -active {_icl_createSharedMemory /tmp/vcs_dve_general.dtvlsi.7511}
23:08:20    32 --> ...                              [tcl] dveMisc::vbusExpand tb_sha256_core
23:08:20    33 --> ...                                  [tcl] config endofsim noexit
23:08:20    34 --> ...                                      [tcl] config onfail enable all
23:08:20    35 --> ...                                          [tcl] config syscaddplainmembers
23:08:20    36 --> ...                                              [tcl] config syscaddsourcenames
23:08:20    37 --> ...                                                  [tcl] config syscaddstructtypes
23:08:20    38 --> ...                                                      [tcl] synopsys::listing -disable
23:08:23    39 --> ...                                                          [tcl] synopsys::dump -add {tb_sha256_core} -scope "." -depth 1 -fid VPD0
23:08:24    40 --> ...                                                              [tcl] synopsys::run
23:08:24    41 --> ...                                                                  [tcl] set ucliGUI::state
23:08:24    42 --> ...                                                                      [tcl] gui_update_simulator_buttons
23:08:24    43 --> ...                                                                          [tcl] set ucliGUI::state
23:08:24    44 --> ...                                                                              [tcl] set ucliGUI::state
23:08:24    45 --> ...                                                                                  [tcl] set ucliGUI::state
23:08:24    46 --> ...                                                                                      [tcl] catch {senv activeDomain} dveMisc::result 
23:08:24    47 --> ...                                                                                          [tcl] set dveMisc::result
23:08:24    48 --> ...                                                                                              [tcl] gui_update_simulator_buttons
